<?xml version="1.0" encoding="utf-8"?><testsuites name="pytest tests"><testsuite name="pytest" errors="0" failures="0" skipped="0" tests="19" time="4.309" timestamp="2026-09-10T21:17:26.858230+00:00" hostname="agent-env-606e2cf1-9bc4-49a0-8643-7d0a0fff6b00"><testcase classname="tests.test_admin_bank_workflow.TestAdminStats" name="test_stats_shape" time="0.628" /><testcase classname="tests.test_admin_bank_workflow.TestStereometry" name="test_stereometry_topic_has_published_questions" time="0.074" /><testcase classname="tests.test_admin_bank_workflow.TestStereometry" name="test_practice_start_stereometry" time="0.556" /><testcase classname="tests.test_admin_bank_workflow.TestMediaUpload" name="test_upload_png_media" time="0.298" /><testcase classname="tests.test_admin_bank_workflow.TestTaskLifecycle" name="test_create_draft_missing_fields_allowed" time="0.081" /><testcase classname="tests.test_admin_bank_workflow.TestTaskLifecycle" name="test_publish_missing_answer_fails" time="0.077" /><testcase classname="tests.test_admin_bank_workflow.TestTaskLifecycle" name="test_publish_missing_question_fails" time="0.078" /><testcase classname="tests.test_admin_bank_workflow.TestTaskLifecycle" name="test_create_published_full" time="0.168" /><testcase classname="tests.test_admin_bank_workflow.TestTaskLifecycle" name="test_student_sees_published_task_with_image" time="0.243" /><testcase classname="tests.test_admin_bank_workflow.TestTaskLifecycle" name="test_duplicate_creates_draft" time="0.240" /><testcase classname="tests.test_admin_bank_workflow.TestTaskLifecycle" name="test_status_transitions" time="0.340" /><testcase classname="tests.test_admin_bank_workflow.TestTaskLifecycle" name="test_status_publish_validates" time="0.167" /><testcase classname="tests.test_admin_bank_workflow.TestFiltersAndSearch" name="test_search_by_question_text" time="0.087" /><testcase classname="tests.test_admin_bank_workflow.TestFiltersAndSearch" name="test_filter_by_status_archived" time="0.086" /><testcase classname="tests.test_admin_bank_workflow.TestFiltersAndSearch" name="test_ai_generated_are_archived" time="0.081" /><testcase classname="tests.test_admin_bank_workflow.TestFiltersAndSearch" name="test_sort_recent" time="0.114" /><testcase classname="tests.test_admin_bank_workflow.TestNoAIInBank" name="test_practice_empty_returns_400_friendly" time="0.086" /><testcase classname="tests.test_admin_bank_workflow.TestNoAIInBank" name="test_diagnostic_and_mock_only_published" time="0.077" /><testcase classname="tests.test_admin_bank_workflow.TestPracticeAnswer" name="test_answer_records_attempt" time="0.767" /></testsuite></testsuites>