<?xml version="1.0" encoding="utf-8"?><testsuites name="pytest tests"><testsuite name="pytest" errors="0" failures="0" skipped="0" tests="21" time="43.802" timestamp="2026-09-01T18:27:10.636013+00:00" hostname="agent-env-606e2cf1-9bc4-49a0-8643-7d0a0fff6b00"><testcase classname="tests.test_enhancements.TestSubjects" name="test_twelve_subjects" time="0.728" /><testcase classname="tests.test_enhancements.TestSubjects" name="test_admin_subjects_and_toggle" time="0.954" /><testcase classname="tests.test_enhancements.TestAnswerTypes" name="test_numeric_comma_and_dot" time="1.896" /><testcase classname="tests.test_enhancements.TestSubjects" name="test_toggle_unknown_subject_404" time="0.127" /><testcase classname="tests.test_enhancements.TestSubjects" name="test_student_cannot_toggle" time="0.075" /><testcase classname="tests.test_enhancements.TestPracticeSelectors" name="test_difficulty_and_count" time="0.087" /><testcase classname="tests.test_enhancements.TestAnswerTypes" name="test_text_case_insensitive" time="0.786" /><testcase classname="tests.test_enhancements.TestPracticeSelectors" name="test_hint_present_on_hard_questions" time="0.090" /><testcase classname="tests.test_enhancements.TestPracticeSelectors" name="test_numeric_question_type_exists" time="0.091" /><testcase classname="tests.test_enhancements.TestPracticeSelectors" name="test_no_questions_error" time="0.123" /><testcase classname="tests.test_enhancements.TestMasteryCalibration" name="test_easy_only_capped" time="0.816" /><testcase classname="tests.test_enhancements.TestAnswerTypes" name="test_multiple_choice_order_independent" time="0.994" /><testcase classname="tests.test_enhancements.TestMasteryCalibration" name="test_few_hard_correct_not_100" time="0.860" /><testcase classname="tests.test_enhancements.TestAnswerTypes" name="test_true_false" time="0.407" /><testcase classname="tests.test_enhancements.TestMasteryCalibration" name="test_diagnostic_mastery_moderate" time="1.887" /><testcase classname="tests.test_enhancements.TestAnswerTypes" name="test_mistakes_show_raw_answer_for_numeric_text" time="0.298" /><testcase classname="tests.test_enhancements.TestAnswerTypes" name="test_cleanup" time="0.389" /><testcase classname="tests.test_enhancements.TestMockExam" name="test_hard_mock_flow" time="0.887" /><testcase classname="tests.test_enhancements.TestTutorContext" name="test_context_answer_is_real" time="37.552" /><testcase classname="tests.test_enhancements.TestInteractiveLessons" name="test_lesson_tasks_and_persistence" time="1.240" /><testcase classname="tests.test_enhancements.TestInteractiveLessons" name="test_bad_task_index" time="0.670" /></testsuite></testsuites>