<?xml version="1.0" encoding="utf-8"?><testsuites name="pytest tests"><testsuite name="pytest" errors="0" failures="1" skipped="0" tests="9" time="6.611" timestamp="2026-09-01T21:03:47.427077+00:00" hostname="agent-env-606e2cf1-9bc4-49a0-8643-7d0a0fff6b00"><testcase classname="tests.test_kb_and_auth_playbook.TestKnowledgeBase" name="test_requires_admin" time="0.655" /><testcase classname="tests.test_kb_and_auth_playbook.TestAuthPlaybook" name="test_bcrypt_hash_format_in_db" time="0.112" /><testcase classname="tests.test_kb_and_auth_playbook.TestAuthPlaybook" name="test_login_sets_httponly_cookies" time="0.607" /><testcase classname="tests.test_kb_and_auth_playbook.TestAuthPlaybook" name="test_cors_allows_credentials_with_origin" time="0.071"><failure message="AssertionError: assert None == 'true'">tests/test_kb_and_auth_playbook.py:65: in test_cors_allows_credentials_with_origin
    assert allow_creds == "true"
E   AssertionError: assert None == 'true'</failure></testcase><testcase classname="tests.test_kb_and_auth_playbook.TestAuthPlaybook" name="test_bruteforce_lockout_after_5_failures" time="2.895" /><testcase classname="tests.test_kb_and_auth_playbook.TestKnowledgeBase" name="test_rejects_non_pdf" time="0.645" /><testcase classname="tests.test_kb_and_auth_playbook.TestKnowledgeBase" name="test_upload_index_search_reprocess_delete" time="4.733" /><testcase classname="tests.test_kb_and_auth_playbook.TestAuthPlaybook" name="test_seed_admin_password_still_valid" time="0.449" /><testcase classname="tests.test_kb_and_auth_playbook.TestKnowledgeBase" name="test_reprocess_unknown_doc_404" time="0.074" /></testsuite></testsuites>