<?xml version="1.0" encoding="utf-8"?><testsuites name="pytest tests"><testsuite name="pytest" errors="0" failures="0" skipped="0" tests="9" time="53.324" timestamp="2026-09-10T18:54:49.999257+00:00" hostname="agent-env-606e2cf1-9bc4-49a0-8643-7d0a0fff6b00"><testcase classname="tests.test_multimodal_rag" name="test_ai_status_available" time="1.048" /><testcase classname="tests.test_multimodal_rag" name="test_upload_extracts_figures" time="1.782" /><testcase classname="tests.test_multimodal_rag" name="test_ai_chat_multimodal" time="6.864" /><testcase classname="tests.test_multimodal_rag" name="test_ai_explain_returns_sources" time="7.295" /><testcase classname="tests.test_multimodal_rag" name="test_ai_generate_question" time="11.330" /><testcase classname="tests.test_multimodal_rag" name="test_lesson_chat" time="6.317" /><testcase classname="tests.test_multimodal_rag" name="test_reprocess_no_duplication" time="1.176" /><testcase classname="tests.test_multimodal_rag" name="test_kb_search_still_works" time="0.102" /><testcase classname="tests.test_multimodal_rag" name="test_delete_cleans_figures_and_media" time="17.294" /></testsuite></testsuites>