<?xml version="1.0" encoding="utf-8"?><testsuites name="pytest tests"><testsuite name="pytest" errors="0" failures="0" skipped="0" tests="19" time="73.336" timestamp="2026-09-10T19:05:28.535952+00:00" hostname="agent-env-606e2cf1-9bc4-49a0-8643-7d0a0fff6b00"><testcase classname="tests.test_part2_solutions.TestPart2ListAndDetail" name="test_list_requires_auth" time="0.337" /><testcase classname="tests.test_part2_solutions.TestPart2Submit" name="test_submit_typed_only" time="5.481" /><testcase classname="tests.test_part2_solutions.TestPart2ListAndDetail" name="test_list_returns_extended_response_only" time="1.296" /><testcase classname="tests.test_part2_solutions.TestPart2ListAndDetail" name="test_list_filter_by_subject" time="0.111" /><testcase classname="tests.test_part2_solutions.TestPart2ListAndDetail" name="test_list_empty_for_unknown_subject" time="0.093" /><testcase classname="tests.test_part2_solutions.TestPart2ListAndDetail" name="test_task_detail" time="0.093" /><testcase classname="tests.test_part2_solutions.TestPart2ListAndDetail" name="test_task_detail_404" time="0.094" /><testcase classname="tests.test_part2_solutions.TestPart2Validation" name="test_submit_empty_returns_400" time="0.086" /><testcase classname="tests.test_part2_solutions.TestPart2Validation" name="test_submit_junk_file_rejected" time="0.195" /><testcase classname="tests.test_part2_solutions.TestPart2Validation" name="test_submit_too_many_files" time="0.143" /><testcase classname="tests.test_part2_solutions.TestPart2Submissions" name="test_submissions_endpoint_lists_own" time="11.701" /><testcase classname="tests.test_part2_solutions.TestPart2Submit" name="test_submit_correct_image" time="10.072" /><testcase classname="tests.test_part2_solutions.TestPart2Submissions" name="test_submissions_scoped_per_user" time="0.527" /><testcase classname="tests.test_part2_solutions.TestRegressionPhase1and2" name="test_extended_excluded_from_practice" time="0.089" /><testcase classname="tests.test_part2_solutions.TestRegressionPhase1and2" name="test_admin_question_extended_response_shape" time="0.131" /><testcase classname="tests.test_part2_solutions.TestPart2Submit" name="test_submit_wrong_image_flags_error" time="25.599" /><testcase classname="tests.test_part2_solutions.TestPart2Submit" name="test_submit_multiple_images_ok" time="10.762" /><testcase classname="tests.test_part2_solutions.TestPart2Submit" name="test_webp_upload_ok" time="10.038" /><testcase classname="tests.test_part2_solutions.TestPart2Submit" name="test_heic_path_or_pillow_available" time="10.876" /></testsuite></testsuites>