<?xml version="1.0" encoding="utf-8"?><testsuites name="pytest tests"><testsuite name="pytest" errors="0" failures="1" skipped="0" tests="37" time="24.441" timestamp="2026-09-01T16:36:03.761576+00:00" hostname="agent-env-606e2cf1-9bc4-49a0-8643-7d0a0fff6b00"><testcase classname="tests.backend_test.TestAdmin" name="test_admin_endpoints" time="1.059" /><testcase classname="tests.backend_test.TestAuth" name="test_register_sets_cookies_and_user" time="0.807" /><testcase classname="tests.backend_test.TestAuth" name="test_me_with_cookie_only" time="0.317" /><testcase classname="tests.backend_test.TestAdmin" name="test_admin_question_crud" time="0.563" /><testcase classname="tests.backend_test.TestAuth" name="test_me_unauthorized" time="0.216" /><testcase classname="tests.backend_test.TestAuth" name="test_duplicate_register_rejected" time="0.228" /><testcase classname="tests.backend_test.TestAuth" name="test_login_and_wrong_password" time="1.103" /><testcase classname="tests.backend_test.TestAdmin" name="test_student_forbidden[/admin/stats]" time="0.601" /><testcase classname="tests.backend_test.TestAdmin" name="test_student_forbidden[/admin/users]" time="0.073" /><testcase classname="tests.backend_test.TestAdmin" name="test_student_forbidden[/admin/questions]" time="0.082" /><testcase classname="tests.backend_test.TestAdmin" name="test_student_forbidden[/admin/topics]" time="0.246" /><testcase classname="tests.backend_test.TestAdmin" name="test_student_cannot_write_questions" time="0.086" /><testcase classname="tests.backend_test.TestAuth" name="test_brute_force_lockout" time="2.669"><failure message="AssertionError: No lockout after 6 failures, codes=[401, 401, 401, 401, 401, 401]&#10;assert (423 in [401, 401, 401, 401, 401, 401] or 429 in [401, 401, 401, 401, 401, 401])">tests/backend_test.py:62: in test_brute_force_lockout
    assert 423 in codes or 429 in codes, f"No lockout after 6 failures, codes={codes}"
E   AssertionError: No lockout after 6 failures, codes=[401, 401, 401, 401, 401, 401]
E   assert (423 in [401, 401, 401, 401, 401, 401] or 429 in [401, 401, 401, 401, 401, 401])</failure></testcase><testcase classname="tests.backend_test.TestOnboardingAndContent" name="test_onboarding_saves" time="0.335" /><testcase classname="tests.backend_test.TestOnboardingAndContent" name="test_subjects_list" time="0.081" /><testcase classname="tests.backend_test.TestOnboardingAndContent" name="test_subject_detail" time="0.089" /><testcase classname="tests.backend_test.TestOnboardingAndContent" name="test_subject_not_found" time="0.075" /><testcase classname="tests.backend_test.TestDiagnostic" name="test_full_flow" time="2.157" /><testcase classname="tests.backend_test.TestAuth" name="test_logout_clears_cookies" time="0.635" /><testcase classname="tests.backend_test.TestDiagnostic" name="test_diagnostic_bad_subject" time="0.073" /><testcase classname="tests.backend_test.TestDiagnostic" name="test_diagnostic_requires_auth" time="0.288" /><testcase classname="tests.backend_test.TestPracticeAndMistakes" name="test_practice_wrong_creates_mistake_and_resolve" time="0.966" /><testcase classname="tests.backend_test.TestAITutor" name="test_ai_status" time="0.073" /><testcase classname="tests.backend_test.TestAITutor" name="test_chat_real_answer_and_persistence" time="9.109" /><testcase classname="tests.backend_test.TestPracticeAndMistakes" name="test_practice_invalid_session" time="0.088" /><testcase classname="tests.backend_test.TestPracticeAndMistakes" name="test_practice_no_questions" time="0.084" /><testcase classname="tests.backend_test.TestDashboardStats" name="test_new_user_dashboard_is_zero" time="0.622" /><testcase classname="tests.backend_test.TestDashboardStats" name="test_dashboard_reflects_activity" time="0.376" /><testcase classname="tests.backend_test.TestDashboardStats" name="test_progress_and_notifications" time="0.339" /><testcase classname="tests.backend_test.TestStudyPlan" name="test_generate_and_toggle" time="0.419" /><testcase classname="tests.backend_test.TestStudyPlan" name="test_patch_unknown_item" time="0.082" /><testcase classname="tests.backend_test.TestMockExams" name="test_mock_flow" time="0.542" /><testcase classname="tests.backend_test.TestMockExams" name="test_mock_bad_subject" time="0.076" /><testcase classname="tests.backend_test.TestProfile" name="test_profile_update_persists_after_relogin" time="0.712" /><testcase classname="tests.backend_test.TestIsolation" name="test_cannot_read_other_users_data" time="1.252" /><testcase classname="tests.backend_test.TestAITutor" name="test_explain" time="8.505" /><testcase classname="tests.backend_test.TestAITutor" name="test_conversation_not_found" time="0.098" /></testsuite></testsuites>