<?xml version="1.0" encoding="utf-8"?><testsuites name="pytest tests"><testsuite name="pytest" errors="0" failures="0" skipped="0" tests="37" time="25.820" timestamp="2026-09-01T18:29:00.343227+00:00" hostname="agent-env-606e2cf1-9bc4-49a0-8643-7d0a0fff6b00"><testcase classname="tests.backend_test.TestAdmin" name="test_admin_endpoints" time="3.136" /><testcase classname="tests.backend_test.TestAuth" name="test_register_sets_cookies_and_user" time="2.776" /><testcase classname="tests.backend_test.TestAuth" name="test_me_with_cookie_only" time="0.163" /><testcase classname="tests.backend_test.TestAuth" name="test_me_unauthorized" time="0.211" /><testcase classname="tests.backend_test.TestAdmin" name="test_admin_question_crud" time="0.636" /><testcase classname="tests.backend_test.TestAuth" name="test_duplicate_register_rejected" time="0.163" /><testcase classname="tests.backend_test.TestAuth" name="test_login_and_wrong_password" time="1.071" /><testcase classname="tests.backend_test.TestAdmin" name="test_student_forbidden[/admin/stats]" time="0.606" /><testcase classname="tests.backend_test.TestAdmin" name="test_student_forbidden[/admin/users]" time="0.083" /><testcase classname="tests.backend_test.TestAuth" name="test_brute_force_lockout" time="2.638" /><testcase classname="tests.backend_test.TestAdmin" name="test_student_forbidden[/admin/questions]" time="0.288" /><testcase classname="tests.backend_test.TestAdmin" name="test_student_forbidden[/admin/topics]" time="0.082" /><testcase classname="tests.backend_test.TestAdmin" name="test_student_cannot_write_questions" time="0.259" /><testcase classname="tests.backend_test.TestAITutor" name="test_ai_status" time="0.079" /><testcase classname="tests.backend_test.TestAITutor" name="test_chat_real_answer_and_persistence" time="10.970" /><testcase classname="tests.backend_test.TestAuth" name="test_logout_clears_cookies" time="0.623" /><testcase classname="tests.backend_test.TestOnboardingAndContent" name="test_onboarding_saves" time="0.146" /><testcase classname="tests.backend_test.TestOnboardingAndContent" name="test_subjects_list" time="0.074" /><testcase classname="tests.backend_test.TestOnboardingAndContent" name="test_subject_detail" time="0.079" /><testcase classname="tests.backend_test.TestOnboardingAndContent" name="test_subject_not_found" time="0.071" /><testcase classname="tests.backend_test.TestDiagnostic" name="test_full_flow" time="1.329" /><testcase classname="tests.backend_test.TestDiagnostic" name="test_diagnostic_bad_subject" time="0.070" /><testcase classname="tests.backend_test.TestDiagnostic" name="test_diagnostic_requires_auth" time="0.172" /><testcase classname="tests.backend_test.TestPracticeAndMistakes" name="test_practice_wrong_creates_mistake_and_resolve" time="0.734" /><testcase classname="tests.backend_test.TestPracticeAndMistakes" name="test_practice_invalid_session" time="0.070" /><testcase classname="tests.backend_test.TestPracticeAndMistakes" name="test_practice_no_questions" time="0.068" /><testcase classname="tests.backend_test.TestDashboardStats" name="test_new_user_dashboard_is_zero" time="0.649" /><testcase classname="tests.backend_test.TestDashboardStats" name="test_dashboard_reflects_activity" time="0.287" /><testcase classname="tests.backend_test.TestDashboardStats" name="test_progress_and_notifications" time="0.290" /><testcase classname="tests.backend_test.TestStudyPlan" name="test_generate_and_toggle" time="0.408" /><testcase classname="tests.backend_test.TestStudyPlan" name="test_patch_unknown_item" time="0.072" /><testcase classname="tests.backend_test.TestMockExams" name="test_mock_flow" time="0.486" /><testcase classname="tests.backend_test.TestMockExams" name="test_mock_bad_subject" time="0.068" /><testcase classname="tests.backend_test.TestProfile" name="test_profile_update_persists_after_relogin" time="0.630" /><testcase classname="tests.backend_test.TestIsolation" name="test_cannot_read_other_users_data" time="1.279" /><testcase classname="tests.backend_test.TestAITutor" name="test_explain" time="8.932" /><testcase classname="tests.backend_test.TestAITutor" name="test_conversation_not_found" time="0.087" /></testsuite></testsuites>