<?xml version="1.0" encoding="utf-8"?><testsuites name="pytest tests"><testsuite name="pytest" errors="0" failures="0" skipped="0" tests="9" time="46.844" timestamp="2026-09-10T19:16:42.805939+00:00" hostname="agent-env-606e2cf1-9bc4-49a0-8643-7d0a0fff6b00"><testcase classname="tests.test_smart_practice.TestPracticeSmart" name="test_start_smart_math_prof_derivative" time="25.096" /><testcase classname="tests.test_smart_practice.TestAIGeneratedAdminVisibility" name="test_admin_list_ai_generated_true" time="0.925" /><testcase classname="tests.test_smart_practice.TestAIGeneratedAdminVisibility" name="test_at_least_one_math_prof_task_has_source_traceability" time="0.107" /><testcase classname="tests.test_smart_practice.TestAIGeneratedAdminVisibility" name="test_admin_can_toggle_verified_on_ai_task" time="0.274" /><testcase classname="tests.test_smart_practice.TestRegressionPhases" name="test_admin_task_list_works" time="0.126" /><testcase classname="tests.test_smart_practice.TestRegressionPhases" name="test_extended_response_excluded_from_practice_start" time="0.455" /><testcase classname="tests.test_smart_practice.TestRegressionPhases" name="test_ai_chat_still_responds" time="6.396" /><testcase classname="tests.test_smart_practice.TestPracticeSmart" name="test_start_smart_false_regression" time="0.109" /><testcase classname="tests.test_smart_practice.TestPracticeSmart" name="test_start_smart_answering_does_not_500" time="21.256" /></testsuite></testsuites>