<?xml version="1.0" encoding="utf-8"?><testsuites name="pytest tests"><testsuite name="pytest" errors="0" failures="0" skipped="0" tests="17" time="3.862" timestamp="2026-09-06T12:45:32.572208+00:00" hostname="agent-env-606e2cf1-9bc4-49a0-8643-7d0a0fff6b00"><testcase classname="tests.test_tasks_and_media.TestPhase1" name="test_00_pick_subject_topic" time="0.570" /><testcase classname="tests.test_tasks_and_media.TestPhase1" name="test_01_admin_upload_and_serve" time="0.230" /><testcase classname="tests.test_tasks_and_media.TestPhase1" name="test_02_media_rejects_junk" time="0.079" /><testcase classname="tests.test_tasks_and_media.TestPhase1" name="test_03_media_upload_requires_admin" time="0.426" /><testcase classname="tests.test_tasks_and_media.TestPhase1" name="test_04_missing_media_404" time="0.120" /><testcase classname="tests.test_tasks_and_media.TestPhase1" name="test_10_create_single_choice" time="0.071" /><testcase classname="tests.test_tasks_and_media.TestPhase1" name="test_11_create_graph_analysis" time="0.066" /><testcase classname="tests.test_tasks_and_media.TestPhase1" name="test_12_create_matching" time="0.072" /><testcase classname="tests.test_tasks_and_media.TestPhase1" name="test_13_create_ordering" time="0.069" /><testcase classname="tests.test_tasks_and_media.TestPhase1" name="test_14_create_table_completion" time="0.069" /><testcase classname="tests.test_tasks_and_media.TestPhase1" name="test_15_create_extended_response" time="0.066" /><testcase classname="tests.test_tasks_and_media.TestPhase1" name="test_16_verify_toggle" time="0.069" /><testcase classname="tests.test_tasks_and_media.TestPhase1" name="test_17_filter_has_images" time="0.068" /><testcase classname="tests.test_tasks_and_media.TestPhase1" name="test_18_filter_by_type" time="0.067" /><testcase classname="tests.test_tasks_and_media.TestPhase1" name="test_19_update_question" time="0.142" /><testcase classname="tests.test_tasks_and_media.TestPhase1" name="test_20_practice_start_and_grade_all" time="0.509" /><testcase classname="tests.test_tasks_and_media.TestPhase1" name="test_zz_delete_all" time="0.779" /></testsuite></testsuites>